<?xml version="1.0" encoding="UTF-8" ?>
<testsuite tests="3" failures="1" name="TestSuite" time="104.634" errors="0" skipped="0">
  <properties>
[...]
</properties>
  <testcase classname="shoppingSite.TestCase_1" name="validation" time="65.5">
    <failure type="java.lang.NullPointerException">java.lang.NullPointerException
	at shoppingSite.TestCase_1.validation(TestCase_1.java:61)
</failure>
    <system-out>Configuring TestNG with: org.apache.maven.surefire.testng.conf.TestNG652Configurator@1a8a8f7c
</system-out>
    <system-err>Dec 21, 2020 11:55:15 AM io.appium.java_client.remote.AppiumCommandExecutor$1 lambda$0
INFO: Detected dialect: W3C
</system-err>
  </testcase>
  <testcase classname="shoppingSite.TestCase_4" name="totalValidation" time="39.134"/>
  <testcase classname="TestNg.TestCases" name="firstTestCase" time="0"/>
</testsuite>