<?xml version="1.0" encoding="UTF-8"?>
<!-- Generated by org.testng.reporters.JUnitXMLReporter -->
<testsuite ignored="0" hostname="DESKTOP-OB0J118" failures="1" tests="3" name="Command line test" time="104.718" errors="0" timestamp="2020-12-21T11:56:18 IST">
  <testcase classname="shoppingSite.TestCase_1" name="validation" time="65.444">
    <failure type="java.lang.NullPointerException">
      <![CDATA[java.lang.NullPointerException
at shoppingSite.TestCase_1.validation(TestCase_1.java:61)
at java.base/java.util.ArrayList.forEach(ArrayList.java:1541)
... Removed 37 stack frames]]>
    </failure>
  </testcase> <!-- validation -->
  <testcase classname="shoppingSite.TestCase_4" name="totalValidation" time="39.133"/>
  <testcase classname="TestNg.TestCases" name="firstTestCase" time="0.001"/>
</testsuite> <!-- Command line test -->
